Using pre-set license
Built from '2021.1/staging' branch; Version is '2021.1.0b3 (202fb86be42c) revision 2109368'; Using compiler version '192528614'; Build Type 'Release'
OS: 'Windows 10 Home; OS build 19042.1165; Version 2009; 64bit' Language: 'en' Physical Memory: 16323 MB
BatchMode: 1, IsHumanControllingUs: 0, StartBugReporterOnCrash: 0, Is64bit: 1, IsPro: 0

 COMMAND LINE ARGUMENTS:
C:\Program Files\Unity\Hub\Editor\2021.1.0b3\Editor\Unity.exe
-adb2
-batchMode
-noUpm
-name
AssetImportWorker0
-projectPath
C:/Users/Brand/Desktop/Unity Projects/MathGame/Math Game
-logFile
Logs/AssetImportWorker0.log
-srvPort
59649
Successfully changed project path to: C:/Users/Brand/Desktop/Unity Projects/MathGame/Math Game
C:/Users/Brand/Desktop/Unity Projects/MathGame/Math Game
Using Asset Import Pipeline V2.
Refreshing native plugins compatible for Editor in 93.65 ms, found 2 plugins.
Preloading 0 native plugins for Editor in 0.00 ms.
Initialize engine version: 2021.1.0b3 (202fb86be42c)
[Subsystems] Discovering subsystems at path C:/Program Files/Unity/Hub/Editor/2021.1.0b3/Editor/Data/Resources/UnitySubsystems
[Subsystems] Discovering subsystems at path C:/Users/Brand/Desktop/Unity Projects/MathGame/Math Game/Assets
GfxDevice: creating device client; threaded=0; jobified=0
Direct3D:
    Version:  Direct3D 11.0 [level 11.1]
    Renderer: NVIDIA GeForce RTX 2070 SUPER (ID=0x1e84)
    Vendor:   NVIDIA
    VRAM:     8011 MB
    Driver:   30.0.14.7111
Initialize mono
Mono path[0] = 'C:/Program Files/Unity/Hub/Editor/2021.1.0b3/Editor/Data/Managed'
Mono path[1] = 'C:/Program Files/Unity/Hub/Editor/2021.1.0b3/Editor/Data/MonoBleedingEdge/lib/mono/unityjit'
Mono config path = 'C:/Program Files/Unity/Hub/Editor/2021.1.0b3/Editor/Data/MonoBleedingEdge/etc'
Using monoOptions --debugger-agent=transport=dt_socket,embedding=1,server=y,suspend=n,address=127.0.0.1:56312
Begin MonoManager ReloadAssembly
Registering precompiled unity dll's ...
Register platform support module: C:/Program Files/Unity/Hub/Editor/2021.1.0b3/Editor/Data/PlaybackEngines/WebGLSupport/UnityEditor.WebGL.Extensions.dll
Register platform support module: C:/Program Files/Unity/Hub/Editor/2021.1.0b3/Editor/Data/PlaybackEngines/WindowsStandaloneSupport/UnityEditor.WindowsStandalone.Extensions.dll
Registered in 0.004170 seconds.
Native extension for WindowsStandalone target not found
Native extension for WebGL target not found
Refreshing native plugins compatible for Editor in 108.07 ms, found 2 plugins.
Preloading 0 native plugins for Editor in 0.00 ms.
Mono: successfully reloaded assembly
- Completed reload, in  2.133 seconds
Platform modules already initialized, skipping
Registering precompiled user dll's ...
Registered in 0.005021 seconds.
Begin MonoManager ReloadAssembly
Native extension for WindowsStandalone target not found
Native extension for WebGL target not found
Refreshing native plugins compatible for Editor in 84.08 ms, found 2 plugins.
Preloading 0 native plugins for Editor in 0.00 ms.
Mono: successfully reloaded assembly
- Completed reload, in  1.223 seconds
Platform modules already initialized, skipping
========================================================================
Worker process is ready to serve import requests
Launched and connected shader compiler UnityShaderCompiler.exe after 0.04 seconds
Refreshing native plugins compatible for Editor in 0.58 ms, found 2 plugins.
Preloading 0 native plugins for Editor in 0.00 ms.
Unloading 3367 Unused Serialized files (Serialized files now loaded: 0)
System memory in use before: 260.0 MB.
System memory in use after: 260.0 MB.

Unloading 29 unused Assets to reduce memory usage. Loaded Objects now: 3820.
Total: 3.810500 ms (FindLiveObjects: 0.352300 ms CreateObjectMapping: 0.247200 ms MarkObjects: 3.026600 ms  DeleteObjects: 0.182600 ms)

========================================================================
Received Import Request.
  path: Assets/Media/ARCADECLASSIC.TTF
  artifactKey: Guid(2c0b770585475124faa4159f0d25bbb8) Importer(815301076,1909f56bfc062723c751e8b465ee728b)
Start importing Assets/Media/ARCADECLASSIC.TTF using Guid(2c0b770585475124faa4159f0d25bbb8) Importer(815301076,1909f56bfc062723c751e8b465ee728b)  -> (artifact id: 'c094e4ca3c6ececba0efe88305dc7db7') in 0.143884 seconds 
========================================================================
Received Import Request.
  Time since last request: 0.014986 seconds.
  path: Assets/Media/Fonts
  artifactKey: Guid(7a8cf984a8fe3f9468e28cabc22d9b88) Importer(815301076,1909f56bfc062723c751e8b465ee728b)
Start importing Assets/Media/Fonts using Guid(7a8cf984a8fe3f9468e28cabc22d9b88) Importer(815301076,1909f56bfc062723c751e8b465ee728b)  -> (artifact id: '73a947c76d758e4ce8275e4bc84346ef') in 0.005058 seconds 
========================================================================
Received Import Request.
  Time since last request: 6.010865 seconds.
  path: Assets/Media/Fonts/pizzadudedotdk.txt
  artifactKey: Guid(86715a6d50aac8547a899fb7e1ae1a41) Importer(815301076,1909f56bfc062723c751e8b465ee728b)
Start importing Assets/Media/Fonts/pizzadudedotdk.txt using Guid(86715a6d50aac8547a899fb7e1ae1a41) Importer(815301076,1909f56bfc062723c751e8b465ee728b)  -> (artifact id: '553f45de0c2a31dbb4800b8499d4073d') in 0.012850 seconds 
========================================================================
Received Import Request.
  Time since last request: 86.278469 seconds.
  path: Assets/Scenes/MainMenu.unity
  artifactKey: Guid(c0f8059867830d341b3cff34757a15e9) Importer(815301076,1909f56bfc062723c751e8b465ee728b)
Start importing Assets/Scenes/MainMenu.unity using Guid(c0f8059867830d341b3cff34757a15e9) Importer(815301076,1909f56bfc062723c751e8b465ee728b)  -> (artifact id: 'cf75733ae4479d22b7783cb3c5c08988') in 0.006216 seconds 
========================================================================
Received Import Request.
  Time since last request: 11.462080 seconds.
  path: Assets/Scenes/EndScreen.unity
  artifactKey: Guid(acb890ff1f801284e99fa25418120412) Importer(815301076,1909f56bfc062723c751e8b465ee728b)
Start importing Assets/Scenes/EndScreen.unity using Guid(acb890ff1f801284e99fa25418120412) Importer(815301076,1909f56bfc062723c751e8b465ee728b)  -> (artifact id: 'b7b4fc177dfdba4111b54ce74f5a471f') in 0.005143 seconds 
========================================================================
Received Import Request.
  Time since last request: 207.965675 seconds.
  path: Assets/ObjectBottom.physicsMaterial2D
  artifactKey: Guid(3a6ea9cbb627dac4d8d0f4721491d5d1) Importer(815301076,1909f56bfc062723c751e8b465ee728b)
Start importing Assets/ObjectBottom.physicsMaterial2D using Guid(3a6ea9cbb627dac4d8d0f4721491d5d1) Importer(815301076,1909f56bfc062723c751e8b465ee728b)  -> (artifact id: 'ee59948bd0cb50f2bff20f1ea8d30c28') in 0.009579 seconds 
========================================================================
Received Import Request.
  Time since last request: 3.047961 seconds.
  path: Assets/Media/Images/Button.png
  artifactKey: Guid(a6c340280a728c642a7ac50e51314502) Importer(815301076,1909f56bfc062723c751e8b465ee728b)
Start importing Assets/Media/Images/Button.png using Guid(a6c340280a728c642a7ac50e51314502) Importer(815301076,1909f56bfc062723c751e8b465ee728b)  -> (artifact id: '5f8a9a0f9b0e47a5c74a96e4447710a8') in 0.065063 seconds 
========================================================================
Received Prepare
Registering precompiled user dll's ...
Registered in 0.004646 seconds.
Begin MonoManager ReloadAssembly
Native extension for WindowsStandalone target not found
Native extension for WebGL target not found
Refreshing native plugins compatible for Editor in 0.61 ms, found 2 plugins.
Preloading 0 native plugins for Editor in 0.00 ms.
Mono: successfully reloaded assembly
- Completed reload, in  1.239 seconds
Platform modules already initialized, skipping
Refreshing native plugins compatible for Editor in 0.62 ms, found 2 plugins.
Preloading 0 native plugins for Editor in 0.00 ms.
Unloading 3364 Unused Serialized files (Serialized files now loaded: 0)
System memory in use before: 265.1 MB.
System memory in use after: 265.3 MB.

Unloading 17 unused Assets to reduce memory usage. Loaded Objects now: 3900.
Total: 2.157800 ms (FindLiveObjects: 0.246500 ms CreateObjectMapping: 0.129600 ms MarkObjects: 1.690000 ms  DeleteObjects: 0.090600 ms)

========================================================================
Received Prepare
Registering precompiled user dll's ...
Registered in 0.005523 seconds.
Begin MonoManager ReloadAssembly
Native extension for WindowsStandalone target not found
Native extension for WebGL target not found
Refreshing native plugins compatible for Editor in 0.62 ms, found 2 plugins.
Preloading 0 native plugins for Editor in 0.00 ms.
Mono: successfully reloaded assembly
- Completed reload, in  1.342 seconds
Platform modules already initialized, skipping
Refreshing native plugins compatible for Editor in 0.99 ms, found 2 plugins.
Preloading 0 native plugins for Editor in 0.00 ms.
Unloading 3362 Unused Serialized files (Serialized files now loaded: 0)
System memory in use before: 265.1 MB.
System memory in use after: 265.2 MB.

Unloading 17 unused Assets to reduce memory usage. Loaded Objects now: 3903.
Total: 2.692000 ms (FindLiveObjects: 0.331300 ms CreateObjectMapping: 0.152800 ms MarkObjects: 2.110600 ms  DeleteObjects: 0.096000 ms)

========================================================================
Received Prepare
Registering precompiled user dll's ...
Registered in 0.005473 seconds.
Begin MonoManager ReloadAssembly
Native extension for WindowsStandalone target not found
Native extension for WebGL target not found
Refreshing native plugins compatible for Editor in 1.43 ms, found 2 plugins.
Preloading 0 native plugins for Editor in 0.00 ms.
Mono: successfully reloaded assembly
- Completed reload, in  1.812 seconds
Platform modules already initialized, skipping
Refreshing native plugins compatible for Editor in 1.08 ms, found 2 plugins.
Preloading 0 native plugins for Editor in 0.00 ms.
Unloading 3362 Unused Serialized files (Serialized files now loaded: 0)
System memory in use before: 265.2 MB.
System memory in use after: 265.3 MB.

Unloading 17 unused Assets to reduce memory usage. Loaded Objects now: 3906.
Total: 11.119600 ms (FindLiveObjects: 0.561700 ms CreateObjectMapping: 1.773800 ms MarkObjects: 8.630000 ms  DeleteObjects: 0.152800 ms)

========================================================================
Received Prepare
Registering precompiled user dll's ...
Registered in 0.005327 seconds.
Begin MonoManager ReloadAssembly
Native extension for WindowsStandalone target not found
Native extension for WebGL target not found
Refreshing native plugins compatible for Editor in 0.89 ms, found 2 plugins.
Preloading 0 native plugins for Editor in 0.00 ms.
Mono: successfully reloaded assembly
- Completed reload, in  1.108 seconds
Platform modules already initialized, skipping
Refreshing native plugins compatible for Editor in 0.61 ms, found 2 plugins.
Preloading 0 native plugins for Editor in 0.00 ms.
Unloading 3363 Unused Serialized files (Serialized files now loaded: 0)
System memory in use before: 265.2 MB.
System memory in use after: 265.3 MB.

Unloading 17 unused Assets to reduce memory usage. Loaded Objects now: 3910.
Total: 2.951100 ms (FindLiveObjects: 0.306800 ms CreateObjectMapping: 0.263900 ms MarkObjects: 2.265200 ms  DeleteObjects: 0.114300 ms)

========================================================================
Received Import Request.
  Time since last request: 661.636746 seconds.
  path: Assets/MianMenu.cs
  artifactKey: Guid(2531174ddb83ff841b724811523b44ef) Importer(815301076,1909f56bfc062723c751e8b465ee728b)
Start importing Assets/MianMenu.cs using Guid(2531174ddb83ff841b724811523b44ef) Importer(815301076,1909f56bfc062723c751e8b465ee728b)  -> (artifact id: '47e5ab9484776741d5bb848b82ecaa99') in 0.016812 seconds 
========================================================================
Received Import Request.
  Time since last request: 7.440998 seconds.
  path: Assets/MainMenu.cs
  artifactKey: Guid(2531174ddb83ff841b724811523b44ef) Importer(815301076,1909f56bfc062723c751e8b465ee728b)
Start importing Assets/MainMenu.cs using Guid(2531174ddb83ff841b724811523b44ef) Importer(815301076,1909f56bfc062723c751e8b465ee728b)  -> (artifact id: 'aebe465f07c53c0298ee318647bde413') in 0.012859 seconds 
========================================================================
Received Prepare
Registering precompiled user dll's ...
Registered in 0.004806 seconds.
Begin MonoManager ReloadAssembly
Native extension for WindowsStandalone target not found
Native extension for WebGL target not found
Refreshing native plugins compatible for Editor in 0.65 ms, found 2 plugins.
Preloading 0 native plugins for Editor in 0.00 ms.
Mono: successfully reloaded assembly
- Completed reload, in  1.104 seconds
Platform modules already initialized, skipping
Refreshing native plugins compatible for Editor in 0.61 ms, found 2 plugins.
Preloading 0 native plugins for Editor in 0.00 ms.
Unloading 3363 Unused Serialized files (Serialized files now loaded: 0)
System memory in use before: 265.2 MB.
System memory in use after: 265.3 MB.

Unloading 17 unused Assets to reduce memory usage. Loaded Objects now: 3913.
Total: 2.460800 ms (FindLiveObjects: 0.251200 ms CreateObjectMapping: 0.124600 ms MarkObjects: 1.989200 ms  DeleteObjects: 0.094800 ms)

========================================================================
Received Prepare
Registering precompiled user dll's ...
Registered in 0.006848 seconds.
Begin MonoManager ReloadAssembly
Native extension for WindowsStandalone target not found
Native extension for WebGL target not found
Refreshing native plugins compatible for Editor in 0.62 ms, found 2 plugins.
Preloading 0 native plugins for Editor in 0.00 ms.
Mono: successfully reloaded assembly
- Completed reload, in  1.156 seconds
Platform modules already initialized, skipping
Refreshing native plugins compatible for Editor in 0.63 ms, found 2 plugins.
Preloading 0 native plugins for Editor in 0.00 ms.
Unloading 3363 Unused Serialized files (Serialized files now loaded: 0)
System memory in use before: 265.2 MB.
System memory in use after: 265.3 MB.

Unloading 17 unused Assets to reduce memory usage. Loaded Objects now: 3916.
Total: 3.784600 ms (FindLiveObjects: 0.432700 ms CreateObjectMapping: 0.343700 ms MarkObjects: 2.885200 ms  DeleteObjects: 0.121800 ms)

========================================================================
Received Import Request.
  Time since last request: 653.936885 seconds.
  path: Assets/MainMenu.cs
  artifactKey: Guid(2531174ddb83ff841b724811523b44ef) Importer(815301076,1909f56bfc062723c751e8b465ee728b)
Start importing Assets/MainMenu.cs using Guid(2531174ddb83ff841b724811523b44ef) Importer(815301076,1909f56bfc062723c751e8b465ee728b)  -> (artifact id: '7d7e0a09f5a9b1be5d3ae8901b205f4f') in 0.008431 seconds 
========================================================================
Received Prepare
Registering precompiled user dll's ...
Registered in 0.008157 seconds.
Begin MonoManager ReloadAssembly
Native extension for WindowsStandalone target not found
Native extension for WebGL target not found
Refreshing native plugins compatible for Editor in 0.63 ms, found 2 plugins.
Preloading 0 native plugins for Editor in 0.00 ms.
Mono: successfully reloaded assembly
- Completed reload, in  1.251 seconds
Platform modules already initialized, skipping
Refreshing native plugins compatible for Editor in 0.72 ms, found 2 plugins.
Preloading 0 native plugins for Editor in 0.00 ms.
Unloading 3363 Unused Serialized files (Serialized files now loaded: 0)
System memory in use before: 265.2 MB.
System memory in use after: 265.4 MB.

Unloading 17 unused Assets to reduce memory usage. Loaded Objects now: 3919.
Total: 3.477200 ms (FindLiveObjects: 0.361700 ms CreateObjectMapping: 0.162200 ms MarkObjects: 2.782900 ms  DeleteObjects: 0.169000 ms)

========================================================================
Received Prepare
Registering precompiled user dll's ...
Registered in 0.004887 seconds.
Begin MonoManager ReloadAssembly
Native extension for WindowsStandalone target not found
Native extension for WebGL target not found
Refreshing native plugins compatible for Editor in 0.72 ms, found 2 plugins.
Preloading 0 native plugins for Editor in 0.00 ms.
Mono: successfully reloaded assembly
- Completed reload, in  1.319 seconds
Platform modules already initialized, skipping
Refreshing native plugins compatible for Editor in 0.87 ms, found 2 plugins.
Preloading 0 native plugins for Editor in 0.00 ms.
Unloading 3363 Unused Serialized files (Serialized files now loaded: 0)
System memory in use before: 265.2 MB.
System memory in use after: 265.4 MB.

Unloading 17 unused Assets to reduce memory usage. Loaded Objects now: 3922.
Total: 3.970600 ms (FindLiveObjects: 0.410100 ms CreateObjectMapping: 0.298300 ms MarkObjects: 3.115100 ms  DeleteObjects: 0.145600 ms)

========================================================================
Received Prepare
Registering precompiled user dll's ...
Registered in 0.005493 seconds.
Begin MonoManager ReloadAssembly
Native extension for WindowsStandalone target not found
Native extension for WebGL target not found
Refreshing native plugins compatible for Editor in 1.02 ms, found 2 plugins.
Preloading 0 native plugins for Editor in 0.00 ms.
Mono: successfully reloaded assembly
- Completed reload, in  1.334 seconds
Platform modules already initialized, skipping
Refreshing native plugins compatible for Editor in 0.73 ms, found 2 plugins.
Preloading 0 native plugins for Editor in 0.00 ms.
Unloading 3363 Unused Serialized files (Serialized files now loaded: 0)
System memory in use before: 265.3 MB.
System memory in use after: 265.4 MB.

Unloading 17 unused Assets to reduce memory usage. Loaded Objects now: 3925.
Total: 4.069300 ms (FindLiveObjects: 0.498700 ms CreateObjectMapping: 0.248100 ms MarkObjects: 3.134800 ms  DeleteObjects: 0.185800 ms)

========================================================================
Received Prepare
Registering precompiled user dll's ...
Registered in 0.007181 seconds.
Begin MonoManager ReloadAssembly
Native extension for WindowsStandalone target not found
Native extension for WebGL target not found
Refreshing native plugins compatible for Editor in 0.63 ms, found 2 plugins.
Preloading 0 native plugins for Editor in 0.00 ms.
Mono: successfully reloaded assembly
- Completed reload, in  1.133 seconds
Platform modules already initialized, skipping
Refreshing native plugins compatible for Editor in 0.67 ms, found 2 plugins.
Preloading 0 native plugins for Editor in 0.00 ms.
Unloading 3363 Unused Serialized files (Serialized files now loaded: 0)
System memory in use before: 265.3 MB.
System memory in use after: 265.4 MB.

Unloading 17 unused Assets to reduce memory usage. Loaded Objects now: 3928.
Total: 3.137000 ms (FindLiveObjects: 0.390400 ms CreateObjectMapping: 0.150700 ms MarkObjects: 2.493700 ms  DeleteObjects: 0.100700 ms)

========================================================================
Received Import Request.
  Time since last request: 743.604891 seconds.
  path: Assets/Scenes/Level2.unity
  artifactKey: Guid(6d1d5f17cd152d345919d41f98dd3859) Importer(815301076,1909f56bfc062723c751e8b465ee728b)
Start importing Assets/Scenes/Level2.unity using Guid(6d1d5f17cd152d345919d41f98dd3859) Importer(815301076,1909f56bfc062723c751e8b465ee728b)  -> (artifact id: '2db51f085a1c12e1e098aa653ac7e59f') in 0.019337 seconds 
========================================================================
Received Prepare
Registering precompiled user dll's ...
Registered in 0.006075 seconds.
Begin MonoManager ReloadAssembly
Native extension for WindowsStandalone target not found
Native extension for WebGL target not found
Refreshing native plugins compatible for Editor in 0.69 ms, found 2 plugins.
Preloading 0 native plugins for Editor in 0.00 ms.
Mono: successfully reloaded assembly
- Completed reload, in  1.222 seconds
Platform modules already initialized, skipping
Refreshing native plugins compatible for Editor in 0.80 ms, found 2 plugins.
Preloading 0 native plugins for Editor in 0.00 ms.
Unloading 3363 Unused Serialized files (Serialized files now loaded: 0)
System memory in use before: 265.3 MB.
System memory in use after: 265.4 MB.

Unloading 17 unused Assets to reduce memory usage. Loaded Objects now: 3931.
Total: 3.324600 ms (FindLiveObjects: 0.485900 ms CreateObjectMapping: 0.391800 ms MarkObjects: 2.308800 ms  DeleteObjects: 0.137000 ms)

========================================================================
Received Import Request.
  Time since last request: 153.771515 seconds.
  path: Assets/Scenes/MainMenu.unity
  artifactKey: Guid(c0f8059867830d341b3cff34757a15e9) Importer(815301076,1909f56bfc062723c751e8b465ee728b)
Start importing Assets/Scenes/MainMenu.unity using Guid(c0f8059867830d341b3cff34757a15e9) Importer(815301076,1909f56bfc062723c751e8b465ee728b)  -> (artifact id: '68b78f2a60396ab788aa8fd6461b5b24') in 0.017006 seconds 
========================================================================
Received Prepare
Registering precompiled user dll's ...
Registered in 0.005214 seconds.
Begin MonoManager ReloadAssembly
Native extension for WindowsStandalone target not found
Native extension for WebGL target not found
Refreshing native plugins compatible for Editor in 0.86 ms, found 2 plugins.
Preloading 0 native plugins for Editor in 0.00 ms.
Mono: successfully reloaded assembly
- Completed reload, in  1.172 seconds
Platform modules already initialized, skipping
Refreshing native plugins compatible for Editor in 0.81 ms, found 2 plugins.
Preloading 0 native plugins for Editor in 0.00 ms.
Unloading 3363 Unused Serialized files (Serialized files now loaded: 0)
System memory in use before: 265.3 MB.
System memory in use after: 265.4 MB.

Unloading 17 unused Assets to reduce memory usage. Loaded Objects now: 3934.
Total: 3.592800 ms (FindLiveObjects: 0.664700 ms CreateObjectMapping: 0.302500 ms MarkObjects: 2.501600 ms  DeleteObjects: 0.116000 ms)

========================================================================
Received Import Request.
  Time since last request: 40.215459 seconds.
  path: Assets/Scenes/EndScreen.unity
  artifactKey: Guid(acb890ff1f801284e99fa25418120412) Importer(815301076,1909f56bfc062723c751e8b465ee728b)
Start importing Assets/Scenes/EndScreen.unity using Guid(acb890ff1f801284e99fa25418120412) Importer(815301076,1909f56bfc062723c751e8b465ee728b)  -> (artifact id: '345907fad0e7d62a93c94229763cdb68') in 0.016075 seconds 
========================================================================
Received Prepare
Registering precompiled user dll's ...
Registered in 0.005121 seconds.
Begin MonoManager ReloadAssembly
Native extension for WindowsStandalone target not found
Native extension for WebGL target not found
Refreshing native plugins compatible for Editor in 0.66 ms, found 2 plugins.
Preloading 0 native plugins for Editor in 0.00 ms.
Mono: successfully reloaded assembly
- Completed reload, in  1.287 seconds
Platform modules already initialized, skipping
Refreshing native plugins compatible for Editor in 0.92 ms, found 2 plugins.
Preloading 0 native plugins for Editor in 0.00 ms.
Unloading 3363 Unused Serialized files (Serialized files now loaded: 0)
System memory in use before: 265.3 MB.
System memory in use after: 265.4 MB.

Unloading 17 unused Assets to reduce memory usage. Loaded Objects now: 3937.
Total: 3.021900 ms (FindLiveObjects: 0.319700 ms CreateObjectMapping: 0.129800 ms MarkObjects: 2.466200 ms  DeleteObjects: 0.104900 ms)

========================================================================
Received Prepare
Registering precompiled user dll's ...
Registered in 0.005365 seconds.
Begin MonoManager ReloadAssembly
Native extension for WindowsStandalone target not found
Native extension for WebGL target not found
Refreshing native plugins compatible for Editor in 0.83 ms, found 2 plugins.
Preloading 0 native plugins for Editor in 0.00 ms.
Mono: successfully reloaded assembly
- Completed reload, in  1.232 seconds
Platform modules already initialized, skipping
Refreshing native plugins compatible for Editor in 0.65 ms, found 2 plugins.
Preloading 0 native plugins for Editor in 0.00 ms.
Unloading 3363 Unused Serialized files (Serialized files now loaded: 0)
System memory in use before: 265.3 MB.
System memory in use after: 265.4 MB.

Unloading 17 unused Assets to reduce memory usage. Loaded Objects now: 3940.
Total: 2.710300 ms (FindLiveObjects: 0.273400 ms CreateObjectMapping: 0.169900 ms MarkObjects: 2.160200 ms  DeleteObjects: 0.105600 ms)

========================================================================
Received Prepare
Registering precompiled user dll's ...
Registered in 0.004856 seconds.
Begin MonoManager ReloadAssembly
Native extension for WindowsStandalone target not found
Native extension for WebGL target not found
Refreshing native plugins compatible for Editor in 0.63 ms, found 2 plugins.
Preloading 0 native plugins for Editor in 0.00 ms.
Mono: successfully reloaded assembly
- Completed reload, in  1.223 seconds
Platform modules already initialized, skipping
Refreshing native plugins compatible for Editor in 0.63 ms, found 2 plugins.
Preloading 0 native plugins for Editor in 0.00 ms.
Unloading 3363 Unused Serialized files (Serialized files now loaded: 0)
System memory in use before: 265.3 MB.
System memory in use after: 265.4 MB.

Unloading 17 unused Assets to reduce memory usage. Loaded Objects now: 3943.
Total: 2.188100 ms (FindLiveObjects: 0.284800 ms CreateObjectMapping: 0.130900 ms MarkObjects: 1.683200 ms  DeleteObjects: 0.087800 ms)

========================================================================
Received Prepare
Registering precompiled user dll's ...
Registered in 0.004665 seconds.
Begin MonoManager ReloadAssembly
Native extension for WindowsStandalone target not found
Native extension for WebGL target not found
Refreshing native plugins compatible for Editor in 0.62 ms, found 2 plugins.
Preloading 0 native plugins for Editor in 0.00 ms.
Mono: successfully reloaded assembly
- Completed reload, in  1.260 seconds
Platform modules already initialized, skipping
Refreshing native plugins compatible for Editor in 0.98 ms, found 2 plugins.
Preloading 0 native plugins for Editor in 0.00 ms.
Unloading 3363 Unused Serialized files (Serialized files now loaded: 0)
System memory in use before: 265.3 MB.
System memory in use after: 265.4 MB.

Unloading 17 unused Assets to reduce memory usage. Loaded Objects now: 3946.
Total: 2.784200 ms (FindLiveObjects: 0.481900 ms CreateObjectMapping: 0.310300 ms MarkObjects: 1.897100 ms  DeleteObjects: 0.093400 ms)

========================================================================
Received Prepare
Registering precompiled user dll's ...
Registered in 0.004856 seconds.
Begin MonoManager ReloadAssembly
Native extension for WindowsStandalone target not found
Native extension for WebGL target not found
Refreshing native plugins compatible for Editor in 0.66 ms, found 2 plugins.
Preloading 0 native plugins for Editor in 0.00 ms.
Mono: successfully reloaded assembly
- Completed reload, in  1.203 seconds
Platform modules already initialized, skipping
Refreshing native plugins compatible for Editor in 1.22 ms, found 2 plugins.
Preloading 0 native plugins for Editor in 0.00 ms.
Unloading 3363 Unused Serialized files (Serialized files now loaded: 0)
System memory in use before: 265.3 MB.
System memory in use after: 265.5 MB.

Unloading 17 unused Assets to reduce memory usage. Loaded Objects now: 3949.
Total: 3.071600 ms (FindLiveObjects: 0.356200 ms CreateObjectMapping: 0.299100 ms MarkObjects: 2.312600 ms  DeleteObjects: 0.102200 ms)

========================================================================
Received Prepare
Registering precompiled user dll's ...
Registered in 0.004762 seconds.
Begin MonoManager ReloadAssembly
Native extension for WindowsStandalone target not found
Native extension for WebGL target not found
Refreshing native plugins compatible for Editor in 0.79 ms, found 2 plugins.
Preloading 0 native plugins for Editor in 0.00 ms.
Mono: successfully reloaded assembly
- Completed reload, in  1.174 seconds
Platform modules already initialized, skipping
Refreshing native plugins compatible for Editor in 0.62 ms, found 2 plugins.
Preloading 0 native plugins for Editor in 0.00 ms.
Unloading 3363 Unused Serialized files (Serialized files now loaded: 0)
System memory in use before: 265.3 MB.
System memory in use after: 265.5 MB.

Unloading 17 unused Assets to reduce memory usage. Loaded Objects now: 3952.
Total: 2.685700 ms (FindLiveObjects: 0.376300 ms CreateObjectMapping: 0.142200 ms MarkObjects: 2.060700 ms  DeleteObjects: 0.105500 ms)

========================================================================
Received Import Request.
  Time since last request: 215.155701 seconds.
  path: Assets/Scenes/EndScreen.unity
  artifactKey: Guid(acb890ff1f801284e99fa25418120412) Importer(815301076,1909f56bfc062723c751e8b465ee728b)
Start importing Assets/Scenes/EndScreen.unity using Guid(acb890ff1f801284e99fa25418120412) Importer(815301076,1909f56bfc062723c751e8b465ee728b)  -> (artifact id: 'ecd71b4c2de2a2053e0fb3d3169a7816') in 0.016569 seconds 
========================================================================
Received Prepare
Registering precompiled user dll's ...
Registered in 0.014699 seconds.
Begin MonoManager ReloadAssembly
Native extension for WindowsStandalone target not found
Native extension for WebGL target not found
Refreshing native plugins compatible for Editor in 0.64 ms, found 2 plugins.
Preloading 0 native plugins for Editor in 0.00 ms.
Mono: successfully reloaded assembly
- Completed reload, in  1.121 seconds
Platform modules already initialized, skipping
Refreshing native plugins compatible for Editor in 0.62 ms, found 2 plugins.
Preloading 0 native plugins for Editor in 0.00 ms.
Unloading 3363 Unused Serialized files (Serialized files now loaded: 0)
System memory in use before: 265.4 MB.
System memory in use after: 265.5 MB.

Unloading 17 unused Assets to reduce memory usage. Loaded Objects now: 3955.
Total: 2.567600 ms (FindLiveObjects: 0.263400 ms CreateObjectMapping: 0.138300 ms MarkObjects: 2.068500 ms  DeleteObjects: 0.096200 ms)

========================================================================
Received Import Request.
  Time since last request: 108.461157 seconds.
  path: Assets/Scenes/EndScreen.unity
  artifactKey: Guid(acb890ff1f801284e99fa25418120412) Importer(815301076,1909f56bfc062723c751e8b465ee728b)
Start importing Assets/Scenes/EndScreen.unity using Guid(acb890ff1f801284e99fa25418120412) Importer(815301076,1909f56bfc062723c751e8b465ee728b)  -> (artifact id: '3cb5812a5fbb3e8e7f0a796d1e6e6095') in 0.018569 seconds 
========================================================================
Received Prepare
Registering precompiled user dll's ...
Registered in 0.004987 seconds.
Begin MonoManager ReloadAssembly
Native extension for WindowsStandalone target not found
Native extension for WebGL target not found
Refreshing native plugins compatible for Editor in 0.63 ms, found 2 plugins.
Preloading 0 native plugins for Editor in 0.00 ms.
Mono: successfully reloaded assembly
- Completed reload, in  1.417 seconds
Platform modules already initialized, skipping
Refreshing native plugins compatible for Editor in 0.66 ms, found 2 plugins.
Preloading 0 native plugins for Editor in 0.00 ms.
Unloading 3363 Unused Serialized files (Serialized files now loaded: 0)
System memory in use before: 265.4 MB.
System memory in use after: 265.5 MB.

Unloading 17 unused Assets to reduce memory usage. Loaded Objects now: 3958.
Total: 3.880300 ms (FindLiveObjects: 0.627500 ms CreateObjectMapping: 0.313000 ms MarkObjects: 2.808400 ms  DeleteObjects: 0.130000 ms)

========================================================================
Received Prepare
Registering precompiled user dll's ...
Registered in 0.004675 seconds.
Begin MonoManager ReloadAssembly
Native extension for WindowsStandalone target not found
Native extension for WebGL target not found
Refreshing native plugins compatible for Editor in 0.68 ms, found 2 plugins.
Preloading 0 native plugins for Editor in 0.00 ms.
Mono: successfully reloaded assembly
- Completed reload, in  1.367 seconds
Platform modules already initialized, skipping
Refreshing native plugins compatible for Editor in 0.97 ms, found 2 plugins.
Preloading 0 native plugins for Editor in 0.00 ms.
Unloading 3363 Unused Serialized files (Serialized files now loaded: 0)
System memory in use before: 265.4 MB.
System memory in use after: 265.5 MB.

Unloading 17 unused Assets to reduce memory usage. Loaded Objects now: 3961.
Total: 3.656600 ms (FindLiveObjects: 0.596900 ms CreateObjectMapping: 0.315000 ms MarkObjects: 2.602900 ms  DeleteObjects: 0.140200 ms)

========================================================================
Received Prepare
Registering precompiled user dll's ...
Registered in 0.006095 seconds.
Begin MonoManager ReloadAssembly
Native extension for WindowsStandalone target not found
Native extension for WebGL target not found
Refreshing native plugins compatible for Editor in 1.08 ms, found 2 plugins.
Preloading 0 native plugins for Editor in 0.00 ms.
Mono: successfully reloaded assembly
- Completed reload, in  1.437 seconds
Platform modules already initialized, skipping
Refreshing native plugins compatible for Editor in 0.71 ms, found 2 plugins.
Preloading 0 native plugins for Editor in 0.00 ms.
Unloading 3363 Unused Serialized files (Serialized files now loaded: 0)
System memory in use before: 265.4 MB.
System memory in use after: 265.5 MB.

Unloading 17 unused Assets to reduce memory usage. Loaded Objects now: 3964.
Total: 4.082900 ms (FindLiveObjects: 0.499100 ms CreateObjectMapping: 0.417500 ms MarkObjects: 2.979900 ms  DeleteObjects: 0.185200 ms)

========================================================================
Received Import Request.
  Time since last request: 111.037538 seconds.
  path: Assets/Scenes/Level1.unity
  artifactKey: Guid(2cda990e2423bbf4892e6590ba056729) Importer(815301076,1909f56bfc062723c751e8b465ee728b)
Start importing Assets/Scenes/Level1.unity using Guid(2cda990e2423bbf4892e6590ba056729) Importer(815301076,1909f56bfc062723c751e8b465ee728b)  -> (artifact id: '20b159cb1543bf45a34d3540ee9ae1a1') in 0.020150 seconds 
========================================================================
Received Prepare
Refreshing native plugins compatible for Editor in 4.80 ms, found 2 plugins.
Preloading 0 native plugins for Editor in 0.00 ms.
Unloading 15 Unused Serialized files (Serialized files now loaded: 0)
System memory in use before: 199.0 MB.
System memory in use after: 199.1 MB.

Unloading 15 unused Assets to reduce memory usage. Loaded Objects now: 3964.
Total: 2.640100 ms (FindLiveObjects: 0.259800 ms CreateObjectMapping: 0.136500 ms MarkObjects: 2.149400 ms  DeleteObjects: 0.093100 ms)

========================================================================
Received Prepare
Registering precompiled user dll's ...
Registered in 0.006517 seconds.
Begin MonoManager ReloadAssembly
Native extension for WindowsStandalone target not found
Native extension for WebGL target not found
Refreshing native plugins compatible for Editor in 0.62 ms, found 2 plugins.
Preloading 0 native plugins for Editor in 0.00 ms.
Mono: successfully reloaded assembly
- Completed reload, in  1.150 seconds
Platform modules already initialized, skipping
Refreshing native plugins compatible for Editor in 1.02 ms, found 2 plugins.
Preloading 0 native plugins for Editor in 0.00 ms.
Unloading 3363 Unused Serialized files (Serialized files now loaded: 0)
System memory in use before: 265.4 MB.
System memory in use after: 265.5 MB.

Unloading 17 unused Assets to reduce memory usage. Loaded Objects now: 3967.
Total: 5.891900 ms (FindLiveObjects: 0.587100 ms CreateObjectMapping: 0.353100 ms MarkObjects: 4.805300 ms  DeleteObjects: 0.145100 ms)

========================================================================
Received Import Request.
  Time since last request: 472.583308 seconds.
  path: Assets/Scenes/EndScreen.unity
  artifactKey: Guid(acb890ff1f801284e99fa25418120412) Importer(815301076,1909f56bfc062723c751e8b465ee728b)
Start importing Assets/Scenes/EndScreen.unity using Guid(acb890ff1f801284e99fa25418120412) Importer(815301076,1909f56bfc062723c751e8b465ee728b)  -> (artifact id: '617d1ad0acd7883d1ef9d0b11226b7fb') in 0.018462 seconds 
========================================================================
Received Prepare
Registering precompiled user dll's ...
Registered in 0.005313 seconds.
Begin MonoManager ReloadAssembly
Native extension for WindowsStandalone target not found
Native extension for WebGL target not found
Refreshing native plugins compatible for Editor in 0.63 ms, found 2 plugins.
Preloading 0 native plugins for Editor in 0.00 ms.
Mono: successfully reloaded assembly
- Completed reload, in  1.212 seconds
Platform modules already initialized, skipping
Refreshing native plugins compatible for Editor in 0.64 ms, found 2 plugins.
Preloading 0 native plugins for Editor in 0.00 ms.
Unloading 3363 Unused Serialized files (Serialized files now loaded: 0)
System memory in use before: 265.4 MB.
System memory in use after: 265.5 MB.

Unloading 17 unused Assets to reduce memory usage. Loaded Objects now: 3970.
Total: 3.040200 ms (FindLiveObjects: 0.519100 ms CreateObjectMapping: 0.327800 ms MarkObjects: 2.090400 ms  DeleteObjects: 0.101400 ms)

========================================================================
Received Prepare
Refreshing native plugins compatible for Editor in 5.03 ms, found 2 plugins.
Preloading 0 native plugins for Editor in 0.00 ms.
Unloading 15 Unused Serialized files (Serialized files now loaded: 0)
System memory in use before: 199.0 MB.
System memory in use after: 199.1 MB.

Unloading 15 unused Assets to reduce memory usage. Loaded Objects now: 3970.
Total: 3.871300 ms (FindLiveObjects: 0.993300 ms CreateObjectMapping: 0.391800 ms MarkObjects: 2.248100 ms  DeleteObjects: 0.236500 ms)

========================================================================
Received Prepare
Refreshing native plugins compatible for Editor in 4.73 ms, found 2 plugins.
Preloading 0 native plugins for Editor in 0.00 ms.
Unloading 15 Unused Serialized files (Serialized files now loaded: 0)
System memory in use before: 199.0 MB.
System memory in use after: 199.1 MB.

Unloading 15 unused Assets to reduce memory usage. Loaded Objects now: 3970.
Total: 2.975700 ms (FindLiveObjects: 0.359400 ms CreateObjectMapping: 0.147800 ms MarkObjects: 2.364000 ms  DeleteObjects: 0.103700 ms)

========================================================================
Received Import Request.
  Time since last request: 579.701105 seconds.
  path: Assets/Scenes/MainMenu.unity
  artifactKey: Guid(c0f8059867830d341b3cff34757a15e9) Importer(815301076,1909f56bfc062723c751e8b465ee728b)
Start importing Assets/Scenes/MainMenu.unity using Guid(c0f8059867830d341b3cff34757a15e9) Importer(815301076,1909f56bfc062723c751e8b465ee728b)  -> (artifact id: 'ba3816da1e0279098f7d71a1fc6bf450') in 0.013753 seconds 
========================================================================
Received Prepare
Refreshing native plugins compatible for Editor in 5.37 ms, found 2 plugins.
Preloading 0 native plugins for Editor in 0.00 ms.
Unloading 15 Unused Serialized files (Serialized files now loaded: 0)
System memory in use before: 199.0 MB.
System memory in use after: 199.1 MB.

Unloading 15 unused Assets to reduce memory usage. Loaded Objects now: 3970.
Total: 3.600100 ms (FindLiveObjects: 0.354900 ms CreateObjectMapping: 0.292900 ms MarkObjects: 2.807800 ms  DeleteObjects: 0.143400 ms)

========================================================================
Received Prepare
Refreshing native plugins compatible for Editor in 4.49 ms, found 2 plugins.
Preloading 0 native plugins for Editor in 0.00 ms.
Unloading 15 Unused Serialized files (Serialized files now loaded: 0)
System memory in use before: 199.0 MB.
System memory in use after: 199.1 MB.

Unloading 15 unused Assets to reduce memory usage. Loaded Objects now: 3970.
Total: 3.342400 ms (FindLiveObjects: 0.367000 ms CreateObjectMapping: 0.177000 ms MarkObjects: 2.694200 ms  DeleteObjects: 0.102700 ms)

AssetImportWorkerClient::OnTransportError - code=2 error=End of file
